<?xml version="1.0" encoding="UTF-8"?>
<testng-results ignored="0" total="1" passed="1" failed="0" skipped="0">
  <reporter-output>
  </reporter-output>
  <suite started-at="2021-10-15T17:47:25 PDT" name="Default suite" finished-at="2021-10-15T17:47:28 PDT" duration-ms="2502">
    <groups>
    </groups>
    <test started-at="2021-10-15T17:47:25 PDT" name="Default test" finished-at="2021-10-15T17:47:28 PDT" duration-ms="2502">
      <class name="api.Test_Post">
        <test-method signature="Post()[pri:0, instance:api.Test_Post@2bfc268b]" started-at="2021-10-15T17:47:25 PDT" name="Post" finished-at="2021-10-15T17:47:28 PDT" duration-ms="2461" status="PASS">
          <reporter-output>
          </reporter-output>
        </test-method> <!-- Post -->
      </class> <!-- api.Test_Post -->
    </test> <!-- Default test -->
  </suite> <!-- Default suite -->
</testng-results>
